<?xml version="1.0" encoding="UTF-8"?>
<testng-results ignored="0" total="1" passed="1" failed="0" skipped="0">
  <reporter-output>
  </reporter-output>
  <suite started-at="2022-08-22T19:48:56 AST" name="Default suite" finished-at="2022-08-22T19:49:14 AST" duration-ms="18145">
    <groups>
    </groups>
    <test started-at="2022-08-22T19:48:56 AST" name="Default test" finished-at="2022-08-22T19:49:14 AST" duration-ms="18145">
      <class name="Appium.FirstAppiumProject.FirstTestingAppuim">
        <test-method signature="firstTestingAppuim()[pri:0, instance:Appium.FirstAppiumProject.FirstTestingAppuim@5af3afd9]" started-at="2022-08-22T19:48:56 AST" name="firstTestingAppuim" finished-at="2022-08-22T19:49:14 AST" duration-ms="18076" status="PASS">
          <reporter-output>
          </reporter-output>
        </test-method> <!-- firstTestingAppuim -->
      </class> <!-- Appium.FirstAppiumProject.FirstTestingAppuim -->
    </test> <!-- Default test -->
  </suite> <!-- Default suite -->
</testng-results>
